<?xml version="1.0" encoding="UTF-8"?>
<!-- Generated by org.testng.reporters.JUnitReportReporter -->
<testsuite skipped="0" hostname="PREETISH-PC" name="com.qa.test.AdminLogintest" tests="3" failures="0" timestamp="2021-10-09T21:19:07 IST" time="42.304" errors="0">
  <testcase name="checkingLogo" time="12.699" classname="com.qa.test.AdminLogintest"/>
  <system-out/>
  <testcase name="logincredential" time="15.502" classname="com.qa.test.AdminLogintest"/>
  <system-out/>
  <testcase name="checkingLink" time="14.103" classname="com.qa.test.AdminLogintest"/>
  <system-out/>
</testsuite> <!-- com.qa.test.AdminLogintest -->
