<?xml version="1.0" encoding="UTF-8"?>
<!-- Generated by org.testng.reporters.JUnitReportReporter -->
<testsuite skipped="0" hostname="GUDU-PC" name="testbase.TestBase" tests="1" failures="0" timestamp="14 May 2021 14:07:50 GMT" time="48.224" errors="0">
  <testcase name="myFirstTest" time="48.224" classname="testbase.TestBase"/>
</testsuite> <!-- testbase.TestBase -->
