<?xml version="1.0" encoding="UTF-8"?>
<!-- Generated by org.testng.reporters.JUnitReportReporter -->
<testsuite skipped="0" hostname="GUDU-PC" name="testbase.TestBase" tests="1" failures="0" timestamp="13 May 2021 05:52:32 GMT" time="62.683" errors="0">
  <testcase name="myFirstTest" time="62.683" classname="testbase.TestBase"/>
</testsuite> <!-- testbase.TestBase -->
